#! /opt/homebrew/Cellar/icarus-verilog/13.0/bin/vvp
:ivl_version "13.0 (stable)" "(v13_0)";
:ivl_delay_selection "TYPICAL";
:vpi_time_precision + 0;
:vpi_module "/opt/homebrew/Cellar/icarus-verilog/13.0/lib/ivl/system.vpi";
:vpi_module "/opt/homebrew/Cellar/icarus-verilog/13.0/lib/ivl/vhdl_sys.vpi";
:vpi_module "/opt/homebrew/Cellar/icarus-verilog/13.0/lib/ivl/vhdl_textio.vpi";
:vpi_module "/opt/homebrew/Cellar/icarus-verilog/13.0/lib/ivl/v2005_math.vpi";
:vpi_module "/opt/homebrew/Cellar/icarus-verilog/13.0/lib/ivl/va_math.vpi";
S_0x13d604a00 .scope module, "alu_s" "alu_s" 2 1;
 .timescale 0 0;
    .port_info 0 /INPUT 4 "A";
    .port_info 1 /INPUT 4 "B";
    .port_info 2 /INPUT 3 "ALUctr";
    .port_info 3 /OUTPUT 4 "F";
    .port_info 4 /OUTPUT 1 "cf";
    .port_info 5 /OUTPUT 1 "zero";
    .port_info 6 /OUTPUT 1 "of";
o0x130008010 .functor BUFZ 4, c4<zzzz>; HiZ drive
v0x600001a14090_0 .net "A", 3 0, o0x130008010;  0 drivers
o0x130008040 .functor BUFZ 3, c4<zzz>; HiZ drive
v0x600001a14120_0 .net "ALUctr", 2 0, o0x130008040;  0 drivers
o0x130008070 .functor BUFZ 4, c4<zzzz>; HiZ drive
v0x600001a141b0_0 .net "B", 3 0, o0x130008070;  0 drivers
v0x600001a14240_0 .var "F", 3 0;
v0x600001a142d0_0 .var "cf", 0 0;
v0x600001a14360_0 .var "of", 0 0;
v0x600001a143f0_0 .var "zero", 0 0;
E_0x600003d15d40 .event anyedge, v0x600001a14120_0, v0x600001a141b0_0, v0x600001a14090_0;
    .scope S_0x13d604a00;
T_0 ;
    %wait E_0x600003d15d40;
    %load/vec4 v0x600001a14120_0;
    %dup/vec4;
    %pushi/vec4 0, 0, 3;
    %cmp/u;
    %jmp/1 T_0.0, 6;
    %dup/vec4;
    %pushi/vec4 1, 0, 3;
    %cmp/u;
    %jmp/1 T_0.1, 6;
    %dup/vec4;
    %pushi/vec4 2, 0, 3;
    %cmp/u;
    %jmp/1 T_0.2, 6;
    %dup/vec4;
    %pushi/vec4 3, 0, 3;
    %cmp/u;
    %jmp/1 T_0.3, 6;
    %dup/vec4;
    %pushi/vec4 4, 0, 3;
    %cmp/u;
    %jmp/1 T_0.4, 6;
    %dup/vec4;
    %pushi/vec4 5, 0, 3;
    %cmp/u;
    %jmp/1 T_0.5, 6;
    %dup/vec4;
    %pushi/vec4 6, 0, 3;
    %cmp/u;
    %jmp/1 T_0.6, 6;
    %dup/vec4;
    %pushi/vec4 7, 0, 3;
    %cmp/u;
    %jmp/1 T_0.7, 6;
    %pushi/vec4 0, 0, 4;
    %store/vec4 v0x600001a14240_0, 0, 4;
    %pushi/vec4 0, 0, 1;
    %store/vec4 v0x600001a142d0_0, 0, 1;
    %pushi/vec4 0, 0, 1;
    %store/vec4 v0x600001a14360_0, 0, 1;
    %pushi/vec4 0, 0, 1;
    %store/vec4 v0x600001a143f0_0, 0, 1;
    %jmp T_0.9;
T_0.0 ;
    %load/vec4 v0x600001a14090_0;
    %pad/u 5;
    %load/vec4 v0x600001a141b0_0;
    %pad/u 5;
    %add;
    %split/vec4 4;
    %store/vec4 v0x600001a14240_0, 0, 4;
    %store/vec4 v0x600001a142d0_0, 0, 1;
    %load/vec4 v0x600001a14090_0;
    %parti/s 1, 3, 3;
    %load/vec4 v0x600001a141b0_0;
    %parti/s 1, 3, 3;
    %cmp/e;
    %flag_get/vec4 4;
    %jmp/0 T_0.10, 4;
    %load/vec4 v0x600001a14240_0;
    %parti/s 1, 3, 3;
    %load/vec4 v0x600001a14090_0;
    %parti/s 1, 3, 3;
    %cmp/ne;
    %flag_get/vec4 4;
    %and;
T_0.10;
    %store/vec4 v0x600001a14360_0, 0, 1;
    %load/vec4 v0x600001a14240_0;
    %or/r;
    %inv;
    %store/vec4 v0x600001a143f0_0, 0, 1;
    %jmp T_0.9;
T_0.1 ;
    %load/vec4 v0x600001a14090_0;
    %pad/u 5;
    %load/vec4 v0x600001a141b0_0;
    %pad/u 5;
    %sub;
    %split/vec4 4;
    %store/vec4 v0x600001a14240_0, 0, 4;
    %store/vec4 v0x600001a142d0_0, 0, 1;
    %load/vec4 v0x600001a14090_0;
    %parti/s 1, 3, 3;
    %load/vec4 v0x600001a141b0_0;
    %parti/s 1, 3, 3;
    %cmp/ne;
    %flag_get/vec4 4;
    %jmp/0 T_0.11, 4;
    %load/vec4 v0x600001a14240_0;
    %parti/s 1, 3, 3;
    %load/vec4 v0x600001a14090_0;
    %parti/s 1, 3, 3;
    %cmp/ne;
    %flag_get/vec4 4;
    %and;
T_0.11;
    %store/vec4 v0x600001a14360_0, 0, 1;
    %load/vec4 v0x600001a14240_0;
    %or/r;
    %inv;
    %store/vec4 v0x600001a143f0_0, 0, 1;
    %jmp T_0.9;
T_0.2 ;
    %load/vec4 v0x600001a14090_0;
    %inv;
    %store/vec4 v0x600001a14240_0, 0, 4;
    %jmp T_0.9;
T_0.3 ;
    %load/vec4 v0x600001a14090_0;
    %load/vec4 v0x600001a141b0_0;
    %and;
    %store/vec4 v0x600001a14240_0, 0, 4;
    %jmp T_0.9;
T_0.4 ;
    %load/vec4 v0x600001a14090_0;
    %load/vec4 v0x600001a141b0_0;
    %or;
    %store/vec4 v0x600001a14240_0, 0, 4;
    %jmp T_0.9;
T_0.5 ;
    %load/vec4 v0x600001a14090_0;
    %load/vec4 v0x600001a141b0_0;
    %xor;
    %store/vec4 v0x600001a14240_0, 0, 4;
    %jmp T_0.9;
T_0.6 ;
    %load/vec4 v0x600001a14090_0;
    %load/vec4 v0x600001a141b0_0;
    %cmp/s;
    %flag_get/vec4 5;
    %pad/u 4;
    %store/vec4 v0x600001a14240_0, 0, 4;
    %jmp T_0.9;
T_0.7 ;
    %load/vec4 v0x600001a14090_0;
    %load/vec4 v0x600001a141b0_0;
    %cmp/e;
    %flag_get/vec4 4;
    %pad/u 4;
    %store/vec4 v0x600001a14240_0, 0, 4;
    %jmp T_0.9;
T_0.9 ;
    %pop/vec4 1;
    %jmp T_0;
    .thread T_0, $push;
# The file index is used to find the file name in the following table.
:file_names 3;
    "N/A";
    "<interactive>";
    "alu_s.v";
