#! /opt/homebrew/Cellar/icarus-verilog/13.0/bin/vvp
:ivl_version "13.0 (stable)" "(v13_0)";
:ivl_delay_selection "TYPICAL";
:vpi_time_precision + 0;
:vpi_module "/opt/homebrew/Cellar/icarus-verilog/13.0/lib/ivl/system.vpi";
:vpi_module "/opt/homebrew/Cellar/icarus-verilog/13.0/lib/ivl/vhdl_sys.vpi";
:vpi_module "/opt/homebrew/Cellar/icarus-verilog/13.0/lib/ivl/vhdl_textio.vpi";
:vpi_module "/opt/homebrew/Cellar/icarus-verilog/13.0/lib/ivl/v2005_math.vpi";
:vpi_module "/opt/homebrew/Cellar/icarus-verilog/13.0/lib/ivl/va_math.vpi";
S_0x13f604c40 .scope module, "exp2" "exp2" 2 1;
 .timescale 0 0;
    .port_info 0 /INPUT 8 "X";
    .port_info 1 /INPUT 1 "en";
    .port_info 2 /OUTPUT 1 "valid";
    .port_info 3 /OUTPUT 7 "F";
v0x600003438480_0 .net "F", 6 0, L_0x6000037381e0;  1 drivers
v0x600003438510_0 .net "F_temp", 6 0, v0x6000034383f0_0;  1 drivers
o0x140040100 .functor BUFZ 8, c4<zzzzzzzz>; HiZ drive
v0x6000034385a0_0 .net "X", 7 0, o0x140040100;  0 drivers
L_0x140078010 .functor BUFT 1, C4<1111111>, C4<0>, C4<0>, C4<0>;
v0x600003438630_0 .net/2u *"_ivl_0", 6 0, L_0x140078010;  1 drivers
o0x140040160 .functor BUFZ 1, c4<z>; HiZ drive
v0x6000034386c0_0 .net "en", 0 0, o0x140040160;  0 drivers
v0x600003438750_0 .var "valid", 0 0;
v0x6000034387e0_0 .var "value", 3 0;
E_0x600001339880 .event anyedge, v0x6000034386c0_0, v0x6000034385a0_0;
L_0x6000037381e0 .functor MUXZ 7, L_0x140078010, v0x6000034383f0_0, v0x600003438750_0, C4<>;
S_0x13f604db0 .scope module, "display" "bcd7seg" 2 57, 2 66 0, S_0x13f604c40;
 .timescale 0 0;
    .port_info 0 /INPUT 4 "b";
    .port_info 1 /OUTPUT 7 "h";
v0x600003438360_0 .net "b", 3 0, v0x6000034387e0_0;  1 drivers
v0x6000034383f0_0 .var "h", 6 0;
E_0x600001339900 .event anyedge, v0x600003438360_0;
    .scope S_0x13f604db0;
T_0 ;
    %wait E_0x600001339900;
    %load/vec4 v0x600003438360_0;
    %dup/vec4;
    %pushi/vec4 0, 0, 4;
    %cmp/u;
    %jmp/1 T_0.0, 6;
    %dup/vec4;
    %pushi/vec4 1, 0, 4;
    %cmp/u;
    %jmp/1 T_0.1, 6;
    %dup/vec4;
    %pushi/vec4 2, 0, 4;
    %cmp/u;
    %jmp/1 T_0.2, 6;
    %dup/vec4;
    %pushi/vec4 3, 0, 4;
    %cmp/u;
    %jmp/1 T_0.3, 6;
    %dup/vec4;
    %pushi/vec4 4, 0, 4;
    %cmp/u;
    %jmp/1 T_0.4, 6;
    %dup/vec4;
    %pushi/vec4 5, 0, 4;
    %cmp/u;
    %jmp/1 T_0.5, 6;
    %dup/vec4;
    %pushi/vec4 6, 0, 4;
    %cmp/u;
    %jmp/1 T_0.6, 6;
    %dup/vec4;
    %pushi/vec4 7, 0, 4;
    %cmp/u;
    %jmp/1 T_0.7, 6;
    %pushi/vec4 127, 0, 7;
    %store/vec4 v0x6000034383f0_0, 0, 7;
    %jmp T_0.9;
T_0.0 ;
    %pushi/vec4 64, 0, 7;
    %store/vec4 v0x6000034383f0_0, 0, 7;
    %jmp T_0.9;
T_0.1 ;
    %pushi/vec4 121, 0, 7;
    %store/vec4 v0x6000034383f0_0, 0, 7;
    %jmp T_0.9;
T_0.2 ;
    %pushi/vec4 36, 0, 7;
    %store/vec4 v0x6000034383f0_0, 0, 7;
    %jmp T_0.9;
T_0.3 ;
    %pushi/vec4 48, 0, 7;
    %store/vec4 v0x6000034383f0_0, 0, 7;
    %jmp T_0.9;
T_0.4 ;
    %pushi/vec4 25, 0, 7;
    %store/vec4 v0x6000034383f0_0, 0, 7;
    %jmp T_0.9;
T_0.5 ;
    %pushi/vec4 18, 0, 7;
    %store/vec4 v0x6000034383f0_0, 0, 7;
    %jmp T_0.9;
T_0.6 ;
    %pushi/vec4 2, 0, 7;
    %store/vec4 v0x6000034383f0_0, 0, 7;
    %jmp T_0.9;
T_0.7 ;
    %pushi/vec4 120, 0, 7;
    %store/vec4 v0x6000034383f0_0, 0, 7;
    %jmp T_0.9;
T_0.9 ;
    %pop/vec4 1;
    %jmp T_0;
    .thread T_0, $push;
    .scope S_0x13f604c40;
T_1 ;
    %wait E_0x600001339880;
    %load/vec4 v0x6000034386c0_0;
    %flag_set/vec4 8;
    %jmp/0xz  T_1.0, 8;
    %load/vec4 v0x6000034385a0_0;
    %dup/vec4;
    %pushi/vec4 128, 127, 8;
    %cmp/z;
    %jmp/1 T_1.2, 4;
    %dup/vec4;
    %pushi/vec4 64, 63, 8;
    %cmp/z;
    %jmp/1 T_1.3, 4;
    %dup/vec4;
    %pushi/vec4 32, 31, 8;
    %cmp/z;
    %jmp/1 T_1.4, 4;
    %dup/vec4;
    %pushi/vec4 16, 15, 8;
    %cmp/z;
    %jmp/1 T_1.5, 4;
    %dup/vec4;
    %pushi/vec4 8, 7, 8;
    %cmp/z;
    %jmp/1 T_1.6, 4;
    %dup/vec4;
    %pushi/vec4 4, 3, 8;
    %cmp/z;
    %jmp/1 T_1.7, 4;
    %dup/vec4;
    %pushi/vec4 2, 1, 8;
    %cmp/z;
    %jmp/1 T_1.8, 4;
    %dup/vec4;
    %pushi/vec4 1, 0, 8;
    %cmp/z;
    %jmp/1 T_1.9, 4;
    %pushi/vec4 0, 0, 4;
    %store/vec4 v0x6000034387e0_0, 0, 4;
    %pushi/vec4 0, 0, 1;
    %store/vec4 v0x600003438750_0, 0, 1;
    %jmp T_1.11;
T_1.2 ;
    %pushi/vec4 7, 0, 4;
    %store/vec4 v0x6000034387e0_0, 0, 4;
    %pushi/vec4 1, 0, 1;
    %store/vec4 v0x600003438750_0, 0, 1;
    %jmp T_1.11;
T_1.3 ;
    %pushi/vec4 6, 0, 4;
    %store/vec4 v0x6000034387e0_0, 0, 4;
    %pushi/vec4 1, 0, 1;
    %store/vec4 v0x600003438750_0, 0, 1;
    %jmp T_1.11;
T_1.4 ;
    %pushi/vec4 5, 0, 4;
    %store/vec4 v0x6000034387e0_0, 0, 4;
    %pushi/vec4 1, 0, 1;
    %store/vec4 v0x600003438750_0, 0, 1;
    %jmp T_1.11;
T_1.5 ;
    %pushi/vec4 4, 0, 4;
    %store/vec4 v0x6000034387e0_0, 0, 4;
    %pushi/vec4 1, 0, 1;
    %store/vec4 v0x600003438750_0, 0, 1;
    %jmp T_1.11;
T_1.6 ;
    %pushi/vec4 3, 0, 4;
    %store/vec4 v0x6000034387e0_0, 0, 4;
    %pushi/vec4 1, 0, 1;
    %store/vec4 v0x600003438750_0, 0, 1;
    %jmp T_1.11;
T_1.7 ;
    %pushi/vec4 2, 0, 4;
    %store/vec4 v0x6000034387e0_0, 0, 4;
    %pushi/vec4 1, 0, 1;
    %store/vec4 v0x600003438750_0, 0, 1;
    %jmp T_1.11;
T_1.8 ;
    %pushi/vec4 1, 0, 4;
    %store/vec4 v0x6000034387e0_0, 0, 4;
    %pushi/vec4 1, 0, 1;
    %store/vec4 v0x600003438750_0, 0, 1;
    %jmp T_1.11;
T_1.9 ;
    %pushi/vec4 0, 0, 4;
    %store/vec4 v0x6000034387e0_0, 0, 4;
    %pushi/vec4 1, 0, 1;
    %store/vec4 v0x600003438750_0, 0, 1;
    %jmp T_1.11;
T_1.11 ;
    %pop/vec4 1;
    %jmp T_1.1;
T_1.0 ;
    %pushi/vec4 0, 0, 4;
    %store/vec4 v0x6000034387e0_0, 0, 4;
    %pushi/vec4 0, 0, 1;
    %store/vec4 v0x600003438750_0, 0, 1;
T_1.1 ;
    %jmp T_1;
    .thread T_1, $push;
# The file index is used to find the file name in the following table.
:file_names 3;
    "N/A";
    "<interactive>";
    "exp2.v";
