#! /opt/homebrew/Cellar/icarus-verilog/13.0/bin/vvp
:ivl_version "13.0 (stable)" "(v13_0)";
:ivl_delay_selection "TYPICAL";
:vpi_time_precision + 0;
:vpi_module "/opt/homebrew/Cellar/icarus-verilog/13.0/lib/ivl/system.vpi";
:vpi_module "/opt/homebrew/Cellar/icarus-verilog/13.0/lib/ivl/vhdl_sys.vpi";
:vpi_module "/opt/homebrew/Cellar/icarus-verilog/13.0/lib/ivl/vhdl_textio.vpi";
:vpi_module "/opt/homebrew/Cellar/icarus-verilog/13.0/lib/ivl/v2005_math.vpi";
:vpi_module "/opt/homebrew/Cellar/icarus-verilog/13.0/lib/ivl/va_math.vpi";
S_0x144e04a00 .scope module, "counter" "counter" 2 1;
 .timescale 0 0;
    .port_info 0 /INPUT 1 "clk";
    .port_info 1 /INPUT 1 "en";
    .port_info 2 /INPUT 1 "rst";
    .port_info 3 /INPUT 4 "cnt_limit";
    .port_info 4 /OUTPUT 4 "Q";
    .port_info 5 /OUTPUT 1 "rco";
v0x6000028f8000_0 .var "Q", 3 0;
o0x138008040 .functor BUFZ 1, c4<z>; HiZ drive
v0x6000028f8090_0 .net "clk", 0 0, o0x138008040;  0 drivers
o0x138008070 .functor BUFZ 4, c4<zzzz>; HiZ drive
v0x6000028f8120_0 .net "cnt_limit", 3 0, o0x138008070;  0 drivers
o0x1380080a0 .functor BUFZ 1, c4<z>; HiZ drive
v0x6000028f81b0_0 .net "en", 0 0, o0x1380080a0;  0 drivers
v0x6000028f8240_0 .var "rco", 0 0;
o0x138008100 .functor BUFZ 1, c4<z>; HiZ drive
v0x6000028f82d0_0 .net "rst", 0 0, o0x138008100;  0 drivers
E_0x600000ff8240 .event posedge, v0x6000028f8090_0;
    .scope S_0x144e04a00;
T_0 ;
    %wait E_0x600000ff8240;
    %load/vec4 v0x6000028f81b0_0;
    %flag_set/vec4 8;
    %jmp/0xz  T_0.0, 8;
    %load/vec4 v0x6000028f82d0_0;
    %flag_set/vec4 8;
    %jmp/0xz  T_0.2, 8;
    %pushi/vec4 0, 0, 4;
    %assign/vec4 v0x6000028f8000_0, 0;
    %pushi/vec4 0, 0, 1;
    %assign/vec4 v0x6000028f8240_0, 0;
    %jmp T_0.3;
T_0.2 ;
    %load/vec4 v0x6000028f8000_0;
    %pad/u 32;
    %load/vec4 v0x6000028f8120_0;
    %pad/u 32;
    %subi 1, 0, 32;
    %cmp/e;
    %jmp/0xz  T_0.4, 4;
    %pushi/vec4 0, 0, 4;
    %assign/vec4 v0x6000028f8000_0, 0;
    %pushi/vec4 1, 0, 1;
    %assign/vec4 v0x6000028f8240_0, 0;
    %jmp T_0.5;
T_0.4 ;
    %load/vec4 v0x6000028f8000_0;
    %addi 1, 0, 4;
    %assign/vec4 v0x6000028f8000_0, 0;
    %pushi/vec4 0, 0, 1;
    %assign/vec4 v0x6000028f8240_0, 0;
T_0.5 ;
T_0.3 ;
T_0.0 ;
    %jmp T_0;
    .thread T_0;
# The file index is used to find the file name in the following table.
:file_names 3;
    "N/A";
    "<interactive>";
    "counter.v";
