#! /opt/homebrew/Cellar/icarus-verilog/13.0/bin/vvp
:ivl_version "13.0 (stable)" "(v13_0)";
:ivl_delay_selection "TYPICAL";
:vpi_time_precision + 0;
:vpi_module "/opt/homebrew/Cellar/icarus-verilog/13.0/lib/ivl/system.vpi";
:vpi_module "/opt/homebrew/Cellar/icarus-verilog/13.0/lib/ivl/vhdl_sys.vpi";
:vpi_module "/opt/homebrew/Cellar/icarus-verilog/13.0/lib/ivl/vhdl_textio.vpi";
:vpi_module "/opt/homebrew/Cellar/icarus-verilog/13.0/lib/ivl/v2005_math.vpi";
:vpi_module "/opt/homebrew/Cellar/icarus-verilog/13.0/lib/ivl/va_math.vpi";
S_0x149707b70 .scope module, "top" "top" 2 1;
 .timescale 0 0;
    .port_info 0 /INPUT 1 "CLK100MHZ";
    .port_info 1 /INPUT 1 "BTNL";
    .port_info 2 /INPUT 1 "BTNC";
    .port_info 3 /INPUT 1 "BTNR";
    .port_info 4 /INPUT 1 "LED";
    .port_info 5 /OUTPUT 7 "SEG";
    .port_info 6 /OUTPUT 8 "AN";
v0x600002b92400_0 .net "AN", 7 0, v0x600002b90bd0_0;  1 drivers
o0x150040370 .functor BUFZ 1, c4<z>; HiZ drive
v0x600002b92490_0 .net "BTNC", 0 0, o0x150040370;  0 drivers
o0x1500409d0 .functor BUFZ 1, c4<z>; HiZ drive
v0x600002b92520_0 .net "BTNL", 0 0, o0x1500409d0;  0 drivers
o0x150040580 .functor BUFZ 1, c4<z>; HiZ drive
v0x600002b925b0_0 .net "BTNR", 0 0, o0x150040580;  0 drivers
o0x150040010 .functor BUFZ 1, c4<z>; HiZ drive
v0x600002b92640_0 .net "CLK100MHZ", 0 0, o0x150040010;  0 drivers
o0x150040b80 .functor BUFZ 1, c4<z>; HiZ drive
v0x600002b926d0_0 .net "LED", 0 0, o0x150040b80;  0 drivers
v0x600002b92760_0 .net "SEG", 6 0, v0x600002b90b40_0;  1 drivers
L_0x150078058 .functor BUFT 1, C4<000000000000000000000000>, C4<0>, C4<0>, C4<0>;
v0x600002b927f0_0 .net/2u *"_ivl_0", 23 0, L_0x150078058;  1 drivers
v0x600002b92880_0 .net "clk", 0 0, v0x600002b90990_0;  1 drivers
v0x600002b92910_0 .net "pause", 0 0, L_0x600003291960;  1 drivers
v0x600002b929a0_0 .net "reset", 0 0, L_0x600003291a40;  1 drivers
v0x600002b92a30_0 .net "second", 7 0, v0x600002b91dd0_0;  1 drivers
v0x600002b92ac0_0 .net "start", 0 0, L_0x6000032916c0;  1 drivers
L_0x6000028900a0 .concat [ 8 24 0 0], v0x600002b91dd0_0, L_0x150078058;
S_0x149707ce0 .scope module, "clock" "clk_1s" 2 36, 3 1 0, S_0x149707b70;
 .timescale 0 0;
    .port_info 0 /INPUT 1 "clk";
    .port_info 1 /OUTPUT 1 "clk_1s";
v0x600002b90900_0 .net "clk", 0 0, o0x150040010;  alias, 0 drivers
v0x600002b90990_0 .var "clk_1s", 0 0;
v0x600002b90a20_0 .var "counter", 26 0;
E_0x600000c98780 .event posedge, v0x600002b90900_0;
S_0x1497069c0 .scope module, "numbers" "display" 2 50, 4 1 0, S_0x149707b70;
 .timescale 0 0;
    .port_info 0 /INPUT 1 "clk";
    .port_info 1 /INPUT 32 "data";
    .port_info 2 /OUTPUT 8 "an";
    .port_info 3 /OUTPUT 7 "seg";
v0x600002b90bd0_0 .var "an", 7 0;
v0x600002b90c60_0 .var "bcd", 3 0;
v0x600002b90cf0_0 .net "clk", 0 0, o0x150040010;  alias, 0 drivers
v0x600002b90d80_0 .var "counter", 16 0;
v0x600002b90e10_0 .var "current", 2 0;
v0x600002b90ea0_0 .net "data", 31 0, L_0x6000028900a0;  1 drivers
v0x600002b90f30_0 .net "seg", 6 0, v0x600002b90b40_0;  alias, 1 drivers
E_0x600000c987c0 .event anyedge, v0x600002b90e10_0, v0x600002b90ea0_0;
E_0x600000c98800 .event anyedge, v0x600002b90e10_0;
S_0x149706b30 .scope module, "decoder" "bcd7seg" 4 36, 5 1 0, S_0x1497069c0;
 .timescale 0 0;
    .port_info 0 /INPUT 4 "bcd";
    .port_info 1 /OUTPUT 7 "seg";
v0x600002b90ab0_0 .net "bcd", 3 0, v0x600002b90c60_0;  1 drivers
v0x600002b90b40_0 .var "seg", 6 0;
E_0x600000c98880 .event anyedge, v0x600002b90ab0_0;
S_0x149706050 .scope module, "pause_btn" "button" 2 24, 6 1 0, S_0x149707b70;
 .timescale 0 0;
    .port_info 0 /INPUT 1 "clk";
    .port_info 1 /INPUT 1 "btn";
    .port_info 2 /OUTPUT 1 "btn_edge";
L_0x600003291c00 .functor NOT 1, v0x600002b910e0_0, C4<0>, C4<0>, C4<0>;
L_0x600003291960 .functor AND 1, v0x600002b91200_0, L_0x600003291c00, C4<1>, C4<1>;
v0x600002b90fc0_0 .net *"_ivl_0", 0 0, L_0x600003291c00;  1 drivers
v0x600002b91050_0 .net "btn", 0 0, o0x150040370;  alias, 0 drivers
v0x600002b910e0_0 .var "btn_delayed", 0 0;
v0x600002b91170_0 .net "btn_edge", 0 0, L_0x600003291960;  alias, 1 drivers
v0x600002b91200_0 .var "btn_stable", 0 0;
v0x600002b91290_0 .net "clk", 0 0, o0x150040010;  alias, 0 drivers
v0x600002b91320_0 .var "count", 19 0;
v0x600002b913b0_0 .var "sync_0", 0 0;
v0x600002b91440_0 .var "sync_1", 0 0;
S_0x1497061c0 .scope module, "reset_btn" "button" 2 30, 6 1 0, S_0x149707b70;
 .timescale 0 0;
    .port_info 0 /INPUT 1 "clk";
    .port_info 1 /INPUT 1 "btn";
    .port_info 2 /OUTPUT 1 "btn_edge";
L_0x6000032919d0 .functor NOT 1, v0x600002b915f0_0, C4<0>, C4<0>, C4<0>;
L_0x600003291a40 .functor AND 1, v0x600002b91710_0, L_0x6000032919d0, C4<1>, C4<1>;
v0x600002b914d0_0 .net *"_ivl_0", 0 0, L_0x6000032919d0;  1 drivers
v0x600002b91560_0 .net "btn", 0 0, o0x150040580;  alias, 0 drivers
v0x600002b915f0_0 .var "btn_delayed", 0 0;
v0x600002b91680_0 .net "btn_edge", 0 0, L_0x600003291a40;  alias, 1 drivers
v0x600002b91710_0 .var "btn_stable", 0 0;
v0x600002b917a0_0 .net "clk", 0 0, o0x150040010;  alias, 0 drivers
v0x600002b91830_0 .var "count", 19 0;
v0x600002b918c0_0 .var "sync_0", 0 0;
v0x600002b91950_0 .var "sync_1", 0 0;
S_0x1497056e0 .scope module, "seconds" "timer" 2 41, 7 1 0, S_0x149707b70;
 .timescale 0 0;
    .port_info 0 /INPUT 1 "clk";
    .port_info 1 /INPUT 1 "en_1s";
    .port_info 2 /INPUT 1 "start";
    .port_info 3 /INPUT 1 "pause";
    .port_info 4 /INPUT 1 "reset";
    .port_info 5 /OUTPUT 8 "second";
    .port_info 6 /OUTPUT 1 "led";
L_0x150078010 .functor BUFT 1, C4<01011001>, C4<0>, C4<0>, C4<0>;
v0x600002b919e0_0 .net/2u *"_ivl_0", 7 0, L_0x150078010;  1 drivers
v0x600002b91a70_0 .net "clk", 0 0, o0x150040010;  alias, 0 drivers
v0x600002b91b00_0 .net "en_1s", 0 0, v0x600002b90990_0;  alias, 1 drivers
v0x600002b91b90_0 .net "led", 0 0, L_0x600002890000;  1 drivers
v0x600002b91c20_0 .net "pause", 0 0, L_0x600003291960;  alias, 1 drivers
v0x600002b91cb0_0 .net "reset", 0 0, L_0x600003291a40;  alias, 1 drivers
v0x600002b91d40_0 .var "running", 0 0;
v0x600002b91dd0_0 .var "second", 7 0;
v0x600002b91e60_0 .net "start", 0 0, L_0x6000032916c0;  alias, 1 drivers
L_0x600002890000 .cmp/eq 8, v0x600002b91dd0_0, L_0x150078010;
S_0x149705850 .scope module, "start_btn" "button" 2 18, 6 1 0, S_0x149707b70;
 .timescale 0 0;
    .port_info 0 /INPUT 1 "clk";
    .port_info 1 /INPUT 1 "btn";
    .port_info 2 /OUTPUT 1 "btn_edge";
L_0x600003291650 .functor NOT 1, v0x600002b92010_0, C4<0>, C4<0>, C4<0>;
L_0x6000032916c0 .functor AND 1, v0x600002b92130_0, L_0x600003291650, C4<1>, C4<1>;
v0x600002b91ef0_0 .net *"_ivl_0", 0 0, L_0x600003291650;  1 drivers
v0x600002b91f80_0 .net "btn", 0 0, o0x1500409d0;  alias, 0 drivers
v0x600002b92010_0 .var "btn_delayed", 0 0;
v0x600002b920a0_0 .net "btn_edge", 0 0, L_0x6000032916c0;  alias, 1 drivers
v0x600002b92130_0 .var "btn_stable", 0 0;
v0x600002b921c0_0 .net "clk", 0 0, o0x150040010;  alias, 0 drivers
v0x600002b92250_0 .var "count", 19 0;
v0x600002b922e0_0 .var "sync_0", 0 0;
v0x600002b92370_0 .var "sync_1", 0 0;
    .scope S_0x149705850;
T_0 ;
    %wait E_0x600000c98780;
    %load/vec4 v0x600002b91f80_0;
    %assign/vec4 v0x600002b922e0_0, 0;
    %load/vec4 v0x600002b922e0_0;
    %assign/vec4 v0x600002b92370_0, 0;
    %jmp T_0;
    .thread T_0;
    .scope S_0x149705850;
T_1 ;
    %wait E_0x600000c98780;
    %load/vec4 v0x600002b92370_0;
    %load/vec4 v0x600002b92130_0;
    %cmp/ne;
    %jmp/0xz  T_1.0, 4;
    %load/vec4 v0x600002b92250_0;
    %addi 1, 0, 20;
    %assign/vec4 v0x600002b92250_0, 0;
    %load/vec4 v0x600002b92250_0;
    %cmpi/e 1000000, 0, 20;
    %jmp/0xz  T_1.2, 4;
    %load/vec4 v0x600002b92370_0;
    %assign/vec4 v0x600002b92130_0, 0;
    %pushi/vec4 0, 0, 20;
    %assign/vec4 v0x600002b92250_0, 0;
T_1.2 ;
    %jmp T_1.1;
T_1.0 ;
    %pushi/vec4 0, 0, 20;
    %assign/vec4 v0x600002b92250_0, 0;
T_1.1 ;
    %jmp T_1;
    .thread T_1;
    .scope S_0x149705850;
T_2 ;
    %wait E_0x600000c98780;
    %load/vec4 v0x600002b92130_0;
    %assign/vec4 v0x600002b92010_0, 0;
    %jmp T_2;
    .thread T_2;
    .scope S_0x149706050;
T_3 ;
    %wait E_0x600000c98780;
    %load/vec4 v0x600002b91050_0;
    %assign/vec4 v0x600002b913b0_0, 0;
    %load/vec4 v0x600002b913b0_0;
    %assign/vec4 v0x600002b91440_0, 0;
    %jmp T_3;
    .thread T_3;
    .scope S_0x149706050;
T_4 ;
    %wait E_0x600000c98780;
    %load/vec4 v0x600002b91440_0;
    %load/vec4 v0x600002b91200_0;
    %cmp/ne;
    %jmp/0xz  T_4.0, 4;
    %load/vec4 v0x600002b91320_0;
    %addi 1, 0, 20;
    %assign/vec4 v0x600002b91320_0, 0;
    %load/vec4 v0x600002b91320_0;
    %cmpi/e 1000000, 0, 20;
    %jmp/0xz  T_4.2, 4;
    %load/vec4 v0x600002b91440_0;
    %assign/vec4 v0x600002b91200_0, 0;
    %pushi/vec4 0, 0, 20;
    %assign/vec4 v0x600002b91320_0, 0;
T_4.2 ;
    %jmp T_4.1;
T_4.0 ;
    %pushi/vec4 0, 0, 20;
    %assign/vec4 v0x600002b91320_0, 0;
T_4.1 ;
    %jmp T_4;
    .thread T_4;
    .scope S_0x149706050;
T_5 ;
    %wait E_0x600000c98780;
    %load/vec4 v0x600002b91200_0;
    %assign/vec4 v0x600002b910e0_0, 0;
    %jmp T_5;
    .thread T_5;
    .scope S_0x1497061c0;
T_6 ;
    %wait E_0x600000c98780;
    %load/vec4 v0x600002b91560_0;
    %assign/vec4 v0x600002b918c0_0, 0;
    %load/vec4 v0x600002b918c0_0;
    %assign/vec4 v0x600002b91950_0, 0;
    %jmp T_6;
    .thread T_6;
    .scope S_0x1497061c0;
T_7 ;
    %wait E_0x600000c98780;
    %load/vec4 v0x600002b91950_0;
    %load/vec4 v0x600002b91710_0;
    %cmp/ne;
    %jmp/0xz  T_7.0, 4;
    %load/vec4 v0x600002b91830_0;
    %addi 1, 0, 20;
    %assign/vec4 v0x600002b91830_0, 0;
    %load/vec4 v0x600002b91830_0;
    %cmpi/e 1000000, 0, 20;
    %jmp/0xz  T_7.2, 4;
    %load/vec4 v0x600002b91950_0;
    %assign/vec4 v0x600002b91710_0, 0;
    %pushi/vec4 0, 0, 20;
    %assign/vec4 v0x600002b91830_0, 0;
T_7.2 ;
    %jmp T_7.1;
T_7.0 ;
    %pushi/vec4 0, 0, 20;
    %assign/vec4 v0x600002b91830_0, 0;
T_7.1 ;
    %jmp T_7;
    .thread T_7;
    .scope S_0x1497061c0;
T_8 ;
    %wait E_0x600000c98780;
    %load/vec4 v0x600002b91710_0;
    %assign/vec4 v0x600002b915f0_0, 0;
    %jmp T_8;
    .thread T_8;
    .scope S_0x149707ce0;
T_9 ;
    %wait E_0x600000c98780;
    %load/vec4 v0x600002b90a20_0;
    %pad/u 32;
    %cmpi/e 99999999, 0, 32;
    %jmp/0xz  T_9.0, 4;
    %pushi/vec4 0, 0, 27;
    %assign/vec4 v0x600002b90a20_0, 0;
    %pushi/vec4 1, 0, 1;
    %assign/vec4 v0x600002b90990_0, 0;
    %jmp T_9.1;
T_9.0 ;
    %load/vec4 v0x600002b90a20_0;
    %addi 1, 0, 27;
    %assign/vec4 v0x600002b90a20_0, 0;
    %pushi/vec4 0, 0, 1;
    %assign/vec4 v0x600002b90990_0, 0;
T_9.1 ;
    %jmp T_9;
    .thread T_9;
    .scope S_0x1497056e0;
T_10 ;
    %wait E_0x600000c98780;
    %load/vec4 v0x600002b91cb0_0;
    %flag_set/vec4 8;
    %jmp/0xz  T_10.0, 8;
    %pushi/vec4 0, 0, 8;
    %assign/vec4 v0x600002b91dd0_0, 0;
    %pushi/vec4 0, 0, 1;
    %assign/vec4 v0x600002b91d40_0, 0;
    %jmp T_10.1;
T_10.0 ;
    %load/vec4 v0x600002b91e60_0;
    %flag_set/vec4 8;
    %jmp/0xz  T_10.2, 8;
    %pushi/vec4 1, 0, 1;
    %assign/vec4 v0x600002b91d40_0, 0;
    %jmp T_10.3;
T_10.2 ;
    %load/vec4 v0x600002b91c20_0;
    %flag_set/vec4 8;
    %jmp/0xz  T_10.4, 8;
    %pushi/vec4 0, 0, 1;
    %assign/vec4 v0x600002b91d40_0, 0;
    %jmp T_10.5;
T_10.4 ;
    %load/vec4 v0x600002b91d40_0;
    %flag_set/vec4 9;
    %flag_get/vec4 9;
    %jmp/0 T_10.8, 9;
    %load/vec4 v0x600002b91b00_0;
    %and;
T_10.8;
    %flag_set/vec4 8;
    %jmp/0xz  T_10.6, 8;
    %load/vec4 v0x600002b91dd0_0;
    %parti/s 4, 0, 2;
    %pad/u 32;
    %cmpi/e 9, 0, 32;
    %jmp/0xz  T_10.9, 4;
    %pushi/vec4 0, 0, 4;
    %ix/load 5, 0, 0;
    %ix/load 4, 0, 0;
    %flag_set/imm 4, 0;
    %assign/vec4/off/d v0x600002b91dd0_0, 4, 5;
    %load/vec4 v0x600002b91dd0_0;
    %parti/s 4, 4, 4;
    %pad/u 32;
    %cmpi/e 5, 0, 32;
    %flag_mov 8, 4;
    %jmp/0 T_10.11, 8;
    %pushi/vec4 0, 0, 4;
    %jmp/1 T_10.12, 8;
T_10.11 ; End of true expr.
    %load/vec4 v0x600002b91dd0_0;
    %parti/s 4, 4, 4;
    %addi 1, 0, 4;
    %jmp/0 T_10.12, 8;
 ; End of false expr.
    %blend;
T_10.12;
    %ix/load 5, 0, 0;
    %ix/load 4, 4, 0;
    %flag_set/imm 4, 0;
    %assign/vec4/off/d v0x600002b91dd0_0, 4, 5;
    %jmp T_10.10;
T_10.9 ;
    %load/vec4 v0x600002b91dd0_0;
    %addi 1, 0, 8;
    %assign/vec4 v0x600002b91dd0_0, 0;
T_10.10 ;
T_10.6 ;
T_10.5 ;
T_10.3 ;
T_10.1 ;
    %jmp T_10;
    .thread T_10;
    .scope S_0x149706b30;
T_11 ;
    %wait E_0x600000c98880;
    %load/vec4 v0x600002b90ab0_0;
    %dup/vec4;
    %pushi/vec4 0, 0, 4;
    %cmp/u;
    %jmp/1 T_11.0, 6;
    %dup/vec4;
    %pushi/vec4 1, 0, 4;
    %cmp/u;
    %jmp/1 T_11.1, 6;
    %dup/vec4;
    %pushi/vec4 2, 0, 4;
    %cmp/u;
    %jmp/1 T_11.2, 6;
    %dup/vec4;
    %pushi/vec4 3, 0, 4;
    %cmp/u;
    %jmp/1 T_11.3, 6;
    %dup/vec4;
    %pushi/vec4 4, 0, 4;
    %cmp/u;
    %jmp/1 T_11.4, 6;
    %dup/vec4;
    %pushi/vec4 5, 0, 4;
    %cmp/u;
    %jmp/1 T_11.5, 6;
    %dup/vec4;
    %pushi/vec4 6, 0, 4;
    %cmp/u;
    %jmp/1 T_11.6, 6;
    %dup/vec4;
    %pushi/vec4 7, 0, 4;
    %cmp/u;
    %jmp/1 T_11.7, 6;
    %dup/vec4;
    %pushi/vec4 8, 0, 4;
    %cmp/u;
    %jmp/1 T_11.8, 6;
    %dup/vec4;
    %pushi/vec4 9, 0, 4;
    %cmp/u;
    %jmp/1 T_11.9, 6;
    %pushi/vec4 127, 0, 7;
    %store/vec4 v0x600002b90b40_0, 0, 7;
    %jmp T_11.11;
T_11.0 ;
    %pushi/vec4 64, 0, 7;
    %store/vec4 v0x600002b90b40_0, 0, 7;
    %jmp T_11.11;
T_11.1 ;
    %pushi/vec4 121, 0, 7;
    %store/vec4 v0x600002b90b40_0, 0, 7;
    %jmp T_11.11;
T_11.2 ;
    %pushi/vec4 36, 0, 7;
    %store/vec4 v0x600002b90b40_0, 0, 7;
    %jmp T_11.11;
T_11.3 ;
    %pushi/vec4 48, 0, 7;
    %store/vec4 v0x600002b90b40_0, 0, 7;
    %jmp T_11.11;
T_11.4 ;
    %pushi/vec4 25, 0, 7;
    %store/vec4 v0x600002b90b40_0, 0, 7;
    %jmp T_11.11;
T_11.5 ;
    %pushi/vec4 18, 0, 7;
    %store/vec4 v0x600002b90b40_0, 0, 7;
    %jmp T_11.11;
T_11.6 ;
    %pushi/vec4 2, 0, 7;
    %store/vec4 v0x600002b90b40_0, 0, 7;
    %jmp T_11.11;
T_11.7 ;
    %pushi/vec4 120, 0, 7;
    %store/vec4 v0x600002b90b40_0, 0, 7;
    %jmp T_11.11;
T_11.8 ;
    %pushi/vec4 0, 0, 7;
    %store/vec4 v0x600002b90b40_0, 0, 7;
    %jmp T_11.11;
T_11.9 ;
    %pushi/vec4 16, 0, 7;
    %store/vec4 v0x600002b90b40_0, 0, 7;
    %jmp T_11.11;
T_11.11 ;
    %pop/vec4 1;
    %jmp T_11;
    .thread T_11, $push;
    .scope S_0x1497069c0;
T_12 ;
    %wait E_0x600000c98780;
    %load/vec4 v0x600002b90d80_0;
    %addi 1, 0, 17;
    %assign/vec4 v0x600002b90d80_0, 0;
    %load/vec4 v0x600002b90d80_0;
    %parti/s 3, 14, 5;
    %assign/vec4 v0x600002b90e10_0, 0;
    %jmp T_12;
    .thread T_12;
    .scope S_0x1497069c0;
T_13 ;
    %wait E_0x600000c98800;
    %pushi/vec4 255, 0, 8;
    %store/vec4 v0x600002b90bd0_0, 0, 8;
    %pushi/vec4 0, 0, 1;
    %ix/getv 4, v0x600002b90e10_0;
    %store/vec4 v0x600002b90bd0_0, 4, 1;
    %jmp T_13;
    .thread T_13, $push;
    .scope S_0x1497069c0;
T_14 ;
    %wait E_0x600000c987c0;
    %load/vec4 v0x600002b90e10_0;
    %dup/vec4;
    %pushi/vec4 0, 0, 3;
    %cmp/u;
    %jmp/1 T_14.0, 6;
    %dup/vec4;
    %pushi/vec4 1, 0, 3;
    %cmp/u;
    %jmp/1 T_14.1, 6;
    %dup/vec4;
    %pushi/vec4 2, 0, 3;
    %cmp/u;
    %jmp/1 T_14.2, 6;
    %dup/vec4;
    %pushi/vec4 3, 0, 3;
    %cmp/u;
    %jmp/1 T_14.3, 6;
    %dup/vec4;
    %pushi/vec4 4, 0, 3;
    %cmp/u;
    %jmp/1 T_14.4, 6;
    %dup/vec4;
    %pushi/vec4 5, 0, 3;
    %cmp/u;
    %jmp/1 T_14.5, 6;
    %dup/vec4;
    %pushi/vec4 6, 0, 3;
    %cmp/u;
    %jmp/1 T_14.6, 6;
    %dup/vec4;
    %pushi/vec4 7, 0, 3;
    %cmp/u;
    %jmp/1 T_14.7, 6;
    %pushi/vec4 0, 0, 4;
    %store/vec4 v0x600002b90c60_0, 0, 4;
    %jmp T_14.9;
T_14.0 ;
    %load/vec4 v0x600002b90ea0_0;
    %parti/s 4, 0, 2;
    %store/vec4 v0x600002b90c60_0, 0, 4;
    %jmp T_14.9;
T_14.1 ;
    %load/vec4 v0x600002b90ea0_0;
    %parti/s 4, 4, 4;
    %store/vec4 v0x600002b90c60_0, 0, 4;
    %jmp T_14.9;
T_14.2 ;
    %load/vec4 v0x600002b90ea0_0;
    %parti/s 4, 8, 5;
    %store/vec4 v0x600002b90c60_0, 0, 4;
    %jmp T_14.9;
T_14.3 ;
    %load/vec4 v0x600002b90ea0_0;
    %parti/s 4, 12, 5;
    %store/vec4 v0x600002b90c60_0, 0, 4;
    %jmp T_14.9;
T_14.4 ;
    %load/vec4 v0x600002b90ea0_0;
    %parti/s 4, 16, 6;
    %store/vec4 v0x600002b90c60_0, 0, 4;
    %jmp T_14.9;
T_14.5 ;
    %load/vec4 v0x600002b90ea0_0;
    %parti/s 4, 20, 6;
    %store/vec4 v0x600002b90c60_0, 0, 4;
    %jmp T_14.9;
T_14.6 ;
    %load/vec4 v0x600002b90ea0_0;
    %parti/s 4, 24, 6;
    %store/vec4 v0x600002b90c60_0, 0, 4;
    %jmp T_14.9;
T_14.7 ;
    %load/vec4 v0x600002b90ea0_0;
    %parti/s 4, 28, 6;
    %store/vec4 v0x600002b90c60_0, 0, 4;
    %jmp T_14.9;
T_14.9 ;
    %pop/vec4 1;
    %jmp T_14;
    .thread T_14, $push;
# The file index is used to find the file name in the following table.
:file_names 8;
    "N/A";
    "<interactive>";
    "top.v";
    "clk_1s.v";
    "display.v";
    "bcd7seg.v";
    "button.v";
    "timer.v";
